<?xml version="1.0" encoding="UTF-8"?>
<!-- Generated by org.testng.reporters.JUnitReportReporter -->
<testsuite skipped="0" hostname="LAPTOP-FUF6UEBH" name="pckgSample.Sample" tests="2" failures="0" timestamp="30 Mar 2019 13:49:24 GMT" time="10.514" errors="0">
  <testcase name="launchURL" time="10.498" classname="pckgSample.Sample"/>
  <testcase name="helloWorld" time="0.016" classname="pckgSample.Sample"/>
</testsuite> <!-- pckgSample.Sample -->
