<?xml version="1.0" encoding="UTF-8"?>
<!-- Generated by org.testng.reporters.JUnitReportReporter -->
<testsuite skipped="0" hostname="LAPTOP-FUF6UEBH" name="pckgSample.SampleTest" tests="2" failures="0" timestamp="31 Mar 2019 20:11:47 GMT" time="9.376" errors="0">
  <testcase name="helloWorld" time="0.000" classname="pckgSample.SampleTest"/>
  <testcase name="launchURL" time="9.376" classname="pckgSample.SampleTest"/>
</testsuite> <!-- pckgSample.SampleTest -->
