<?xml version="1.0" encoding="UTF-8"?>
<!-- Generated by org.testng.reporters.JUnitReportReporter -->
<testsuite skipped="0" hostname="LAPTOP-FUF6UEBH" name="pckgSample.Sample1Test" tests="2" failures="0" timestamp="31 Mar 2019 20:11:47 GMT" time="8.120" errors="0">
  <testcase name="helloWorld" time="0.007" classname="pckgSample.Sample1Test"/>
  <testcase name="launchURL" time="8.113" classname="pckgSample.Sample1Test"/>
</testsuite> <!-- pckgSample.Sample1Test -->
